<?xml version="1.0" encoding="UTF-8"?>
<testng-results skipped="0" failed="0" total="1" passed="1">
  <reporter-output>
  </reporter-output>
  <suite name="Default suite" duration-ms="62736" started-at="2015-11-27T16:56:37Z" finished-at="2015-11-27T16:57:40Z">
    <groups>
    </groups>
    <test name="Default test" duration-ms="62736" started-at="2015-11-27T16:56:37Z" finished-at="2015-11-27T16:57:40Z">
      <class name="com.scienergy.spec.unittests.genericTest001">
        <test-method status="PASS" signature="setup()[pri:0, instance:com.scienergy.spec.unittests.genericTest001@dfd3711]" name="setup" is-config="true" duration-ms="9466" started-at="2015-11-27T10:56:28Z" finished-at="2015-11-27T10:56:37Z">
          <reporter-output>
          </reporter-output>
        </test-method> <!-- setup -->
        <test-method status="PASS" signature="testSetUp()[pri:0, instance:com.scienergy.spec.unittests.genericTest001@dfd3711]" name="testSetUp" is-config="true" duration-ms="9257" started-at="2015-11-27T10:56:37Z" finished-at="2015-11-27T10:56:46Z">
          <reporter-output>
          </reporter-output>
        </test-method> <!-- testSetUp -->
        <test-method status="PASS" signature="specTest002()[pri:0, instance:com.scienergy.spec.unittests.genericTest001@dfd3711]" name="specTest002" duration-ms="53468" started-at="2015-11-27T10:56:46Z" finished-at="2015-11-27T10:57:40Z">
          <reporter-output>
          </reporter-output>
        </test-method> <!-- specTest002 -->
        <test-method status="PASS" signature="teardown()[pri:0, instance:com.scienergy.spec.unittests.genericTest001@dfd3711]" name="teardown" is-config="true" duration-ms="900" started-at="2015-11-27T10:57:40Z" finished-at="2015-11-27T10:57:41Z">
          <reporter-output>
          </reporter-output>
        </test-method> <!-- teardown -->
      </class> <!-- com.scienergy.spec.unittests.genericTest001 -->
    </test> <!-- Default test -->
  </suite> <!-- Default suite -->
</testng-results>
